#
# There is insufficient memory for the Java Runtime Environment to continue.
# Native memory allocation (malloc) failed to allocate 33554432 bytes for committing reserved memory.
# Possible reasons:
#   The system is out of physical RAM or swap space
#   In 32 bit mode, the process size limit was hit
# Possible solutions:
#   Reduce memory load on the system
#   Increase physical memory or swap space
#   Check if swap backing store is full
#   Use 64 bit Java on a 64 bit OS
#   Decrease Java heap size (-Xmx/-Xms)
#   Decrease number of Java threads
#   Decrease Java thread stack sizes (-Xss)
#   Set larger code cache with -XX:ReservedCodeCacheSize=
# This output file may be truncated or incomplete.
#
#  Out of Memory Error (os_linux.cpp:2827), pid=3378, tid=139716407723776
#
# JRE version: OpenJDK Runtime Environment (7.0_91-b02) (build 1.7.0_91-b02)
# Java VM: OpenJDK 64-Bit Server VM (24.91-b01 mixed mode linux-amd64 compressed oops)
# Derivative: IcedTea 2.6.3
# Distribution: Ubuntu 14.04 LTS, package 7u91-2.6.3-0ubuntu0.14.04.1
# Failed to write core dump. Core dumps have been disabled. To enable core dumping, try "ulimit -c unlimited" before starting Java again
#

---------------  T H R E A D  ---------------

Current thread (0x00007f124c075800):  VMThread [stack: 0x00007f1242ca0000,0x00007f1242da1000] [id=3388]

Stack: [0x00007f1242ca0000,0x00007f1242da1000],  sp=0x00007f1242d9f490,  free space=1021k
Native frames: (J=compiled Java code, j=interpreted, Vv=VM code, C=native code)
V  [libjvm.so+0x953e15]  VMError::report_and_die()+0x175
V  [libjvm.so+0x48fd94]  report_vm_out_of_memory(char const*, int, unsigned long, char const*)+0x74
V  [libjvm.so+0x7cf87b]  os::pd_commit_memory(char*, unsigned long, unsigned long, bool)+0xeb
V  [libjvm.so+0x7ca33f]  os::commit_memory(char*, unsigned long, unsigned long, bool)+0x1f
V  [libjvm.so+0x83dacb]  PSVirtualSpace::expand_by(unsigned long)+0x5b
V  [libjvm.so+0x82d86b]  PSOldGen::expand_by(unsigned long) [clone .part.79]+0x1b
V  [libjvm.so+0x82da2b]  PSOldGen::expand(unsigned long) [clone .part.80]+0xdb
V  [libjvm.so+0x82e958]  PSOldGen::resize(unsigned long)+0x188
V  [libjvm.so+0x8355b4]  PSParallelCompact::invoke_no_policy(bool)+0x9c4
V  [libjvm.so+0x83bc0d]  PSScavenge::invoke()+0x17d
V  [libjvm.so+0x7f2083]  ParallelScavengeHeap::failed_mem_allocate(unsigned long)+0x63
V  [libjvm.so+0x955814]  VM_ParallelGCFailedAllocation::doit()+0x84
V  [libjvm.so+0x959917]  VM_Operation::evaluate()+0x47
V  [libjvm.so+0x9583d8]  VMThread::evaluate_operation(VM_Operation*)+0x318
V  [libjvm.so+0x958839]  VMThread::loop()+0x219
V  [libjvm.so+0x958c82]  VMThread::run()+0x72
V  [libjvm.so+0x7cc742]  java_start(Thread*)+0xf2

VM_Operation (0x00007f125347d5c0): ParallelGCFailedAllocation, mode: safepoint, requested by thread 0x00007f124c00a000


---------------  P R O C E S S  ---------------

Java Threads: ( => current thread )
  0x00007f124c0ae800 JavaThread "Service Thread" daemon [_thread_blocked, id=3394, stack(0x00007f1241ccc000,0x00007f1241dcd000)]
  0x00007f124c0ac000 JavaThread "C2 CompilerThread1" daemon [_thread_blocked, id=3393, stack(0x00007f1241dcd000,0x00007f1241ece000)]
  0x00007f124c0a9000 JavaThread "C2 CompilerThread0" daemon [_thread_blocked, id=3392, stack(0x00007f1241ece000,0x00007f1241fcf000)]
  0x00007f124c0a7000 JavaThread "Signal Dispatcher" daemon [_thread_blocked, id=3391, stack(0x00007f1241fcf000,0x00007f12420d0000)]
  0x00007f124c07c000 JavaThread "Finalizer" daemon [_thread_blocked, id=3390, stack(0x00007f1242a9e000,0x00007f1242b9f000)]
  0x00007f124c07a000 JavaThread "Reference Handler" daemon [_thread_blocked, id=3389, stack(0x00007f1242b9f000,0x00007f1242ca0000)]
  0x00007f124c00a000 JavaThread "main" [_thread_blocked, id=3383, stack(0x00007f125337e000,0x00007f125347f000)]

Other Threads:
=>0x00007f124c075800 VMThread [stack: 0x00007f1242ca0000,0x00007f1242da1000] [id=3388]
  0x00007f124c0b9000 WatcherThread [stack: 0x00007f1241bcb000,0x00007f1241ccc000] [id=3395]

VM state:at safepoint (normal execution)

VM Mutex/Monitor currently owned by a thread:  ([mutex/lock_event])
[0x00007f124c005f70] ExpandHeap_lock - owner thread: 0x00007f124c075800
[0x00007f124c0065f0] Threads_lock - owner thread: 0x00007f124c075800
[0x00007f124c006af0] Heap_lock - owner thread: 0x00007f124c00a000

Heap
 PSYoungGen      total 636928K, used 0K [0x00000007d6d00000, 0x0000000800000000, 0x0000000800000000)
  eden space 606208K, 0% used [0x00000007d6d00000,0x00000007d6d00000,0x00000007fbd00000)
  from space 30720K, 0% used [0x00000007fe200000,0x00000007fe200000,0x0000000800000000)
  to   space 34304K, 0% used [0x00000007fbd00000,0x00000007fbd00000,0x00000007fde80000)
 ParOldGen       total 89088K, used 34655K [0x0000000784800000, 0x0000000789f00000, 0x00000007d6d00000)
  object space 89088K, 38% used [0x0000000784800000,0x00000007869d7ca8,0x0000000789f00000)
 PSPermGen       total 21504K, used 3278K [0x000000077a200000, 0x000000077b700000, 0x0000000784800000)
  object space 21504K, 15% used [0x000000077a200000,0x000000077a5339f0,0x000000077b700000)

Card table byte_map: [0x00007f12489c7000,0x00007f1248df7000] byte_map_base: 0x00007f1244df6000

Polling page: 0x00007f1253498000

Code Cache  [0x00007f1248df7000, 0x00007f1249067000, 0x00007f124bdf7000)
 total_blobs=421 nmethods=235 adapters=139 free_code_cache=47248Kb largest_free_block=48348800

Compilation events (10 events):
Event: 82,777 Thread 0x00007f124c0a9000  237 %           java.util.TimSort::mergeHi @ 180 (719 bytes)
Event: 82,956 Thread 0x00007f124c0a9000 nmethod 237% 0x00007f1248fd5bd0 code [0x00007f1248fd5dc0, 0x00007f1248fd75f8]
Event: 83,929 Thread 0x00007f124c0ac000  238             java.util.TimSort::mergeHi (719 bytes)
Event: 84,142 Thread 0x00007f124c0ac000 nmethod 238 0x00007f1248fd8190 code [0x00007f1248fd83c0, 0x00007f1248fda258]
Event: 109,804 Thread 0x00007f124c0a9000  239             java.util.TimSort::mergeAt (358 bytes)
Event: 116,120 Thread 0x00007f124c0a9000 nmethod 239 0x00007f1248e56e50 code [0x00007f1248e56fe0, 0x00007f1248e573d0]
Event: 319,468 Thread 0x00007f124c0ac000  240             sun.nio.cs.UTF_8$Encoder::encodeArrayLoop (489 bytes)
Event: 319,546 Thread 0x00007f124c0ac000 nmethod 240 0x00007f1248ec6ed0 code [0x00007f1248ec7080, 0x00007f1248ec79b8]
Event: 471,500 Thread 0x00007f124c0a9000  241             java.util.TimSort::mergeAt (358 bytes)
Event: 471,521 Thread 0x00007f124c0a9000 nmethod 241 0x00007f1248e74850 code [0x00007f1248e749e0, 0x00007f1248e74db0]

GC Heap History (10 events):
Event: 540,841 GC heap after
Heap after GC invocations=127 (full 1):
 PSYoungGen      total 641536K, used 21856K [0x00000007d6d00000, 0x00000007ffe80000, 0x0000000800000000)
  eden space 611840K, 0% used [0x00000007d6d00000,0x00000007d6d00000,0x00000007fc280000)
  from space 29696K, 73% used [0x00000007fe180000,0x00000007ff6d8000,0x00000007ffe80000)
  to   space 30720K, 0% used [0x00000007fc280000,0x00000007fc280000,0x00000007fe080000)
 ParOldGen       total 89088K, used 76654K [0x0000000784800000, 0x0000000789f00000, 0x00000007d6d00000)
  object space 89088K, 86% used [0x0000000784800000,0x00000007892dbb08,0x0000000789f00000)
 PSPermGen       total 21504K, used 3278K [0x000000077a200000, 0x000000077b700000, 0x0000000784800000)
  object space 21504K, 15% used [0x000000077a200000,0x000000077a5339f0,0x000000077b700000)
}
Event: 549,818 GC heap before
{Heap before GC invocations=128 (full 1):
 PSYoungGen      total 641536K, used 633696K [0x00000007d6d00000, 0x00000007ffe80000, 0x0000000800000000)
  eden space 611840K, 100% used [0x00000007d6d00000,0x00000007fc280000,0x00000007fc280000)
  from space 29696K, 73% used [0x00000007fe180000,0x00000007ff6d8000,0x00000007ffe80000)
  to   space 30720K, 0% used [0x00000007fc280000,0x00000007fc280000,0x00000007fe080000)
 ParOldGen       total 89088K, used 76654K [0x0000000784800000, 0x0000000789f00000, 0x00000007d6d00000)
  object space 89088K, 86% used [0x0000000784800000,0x00000007892dbb08,0x0000000789f00000)
 PSPermGen       total 21504K, used 3278K [0x000000077a200000, 0x000000077b700000, 0x0000000784800000)
  object space 21504K, 15% used [0x000000077a200000,0x000000077a5339f0,0x000000077b700000)
Event: 551,500 GC heap after
Heap after GC invocations=128 (full 1):
 PSYoungGen      total 642560K, used 20672K [0x00000007d6d00000, 0x0000000800000000, 0x0000000800000000)
  eden space 611840K, 0% used [0x00000007d6d00000,0x00000007d6d00000,0x00000007fc280000)
  from space 30720K, 67% used [0x00000007fc280000,0x00000007fd6b0000,0x00000007fe080000)
  to   space 30720K, 0% used [0x00000007fe200000,0x00000007fe200000,0x0000000800000000)
 ParOldGen       total 89088K, used 76654K [0x0000000784800000, 0x0000000789f00000, 0x00000007d6d00000)
  object space 89088K, 86% used [0x0000000784800000,0x00000007892dbb08,0x0000000789f00000)
 PSPermGen       total 21504K, used 3278K [0x000000077a200000, 0x000000077b700000, 0x0000000784800000)
  object space 21504K, 15% used [0x000000077a200000,0x000000077a5339f0,0x000000077b700000)
}
Event: 555,480 GC heap before
{Heap before GC invocations=129 (full 1):
 PSYoungGen      total 642560K, used 632512K [0x00000007d6d00000, 0x0000000800000000, 0x0000000800000000)
  eden space 611840K, 100% used [0x00000007d6d00000,0x00000007fc280000,0x00000007fc280000)
  from space 30720K, 67% used [0x00000007fc280000,0x00000007fd6b0000,0x00000007fe080000)
  to   space 30720K, 0% used [0x00000007fe200000,0x00000007fe200000,0x0000000800000000)
 ParOldGen       total 89088K, used 76654K [0x0000000784800000, 0x0000000789f00000, 0x00000007d6d00000)
  object space 89088K, 86% used [0x0000000784800000,0x00000007892dbb08,0x0000000789f00000)
 PSPermGen       total 21504K, used 3278K [0x000000077a200000, 0x000000077b700000, 0x0000000784800000)
  object space 21504K, 15% used [0x000000077a200000,0x000000077a5339f0,0x000000077b700000)
Event: 558,570 GC heap after
Heap after GC invocations=129 (full 1):
 PSYoungGen      total 644096K, used 19872K [0x00000007d6d00000, 0x0000000800000000, 0x0000000800000000)
  eden space 613376K, 0% used [0x00000007d6d00000,0x00000007d6d00000,0x00000007fc400000)
  from space 30720K, 64% used [0x00000007fe200000,0x00000007ff568000,0x0000000800000000)
  to   space 30720K, 0% used [0x00000007fc400000,0x00000007fc400000,0x00000007fe200000)
 ParOldGen       total 89088K, used 76654K [0x0000000784800000, 0x0000000789f00000, 0x00000007d6d00000)
  object space 89088K, 86% used [0x0000000784800000,0x00000007892dbb08,0x0000000789f00000)
 PSPermGen       total 21504K, used 3278K [0x000000077a200000, 0x000000077b700000, 0x0000000784800000)
  object space 21504K, 15% used [0x000000077a200000,0x000000077a5339f0,0x000000077b700000)
}
Event: 567,120 GC heap before
{Heap before GC invocations=130 (full 1):
 PSYoungGen      total 644096K, used 633248K [0x00000007d6d00000, 0x0000000800000000, 0x0000000800000000)
  eden space 613376K, 100% used [0x00000007d6d00000,0x00000007fc400000,0x00000007fc400000)
  from space 30720K, 64% used [0x00000007fe200000,0x00000007ff568000,0x0000000800000000)
  to   space 30720K, 0% used [0x00000007fc400000,0x00000007fc400000,0x00000007fe200000)
 ParOldGen       total 89088K, used 76654K [0x0000000784800000, 0x0000000789f00000, 0x00000007d6d00000)
  object space 89088K, 86% used [0x0000000784800000,0x00000007892dbb08,0x0000000789f00000)
 PSPermGen       total 21504K, used 3278K [0x000000077a200000, 0x000000077b700000, 0x0000000784800000)
  object space 21504K, 15% used [0x000000077a200000,0x000000077a5339f0,0x000000077b700000)
Event: 568,967 GC heap after
Heap after GC invocations=130 (full 1):
 PSYoungGen      total 644096K, used 19072K [0x00000007d6d00000, 0x0000000800000000, 0x0000000800000000)
  eden space 613376K, 0% used [0x00000007d6d00000,0x00000007d6d00000,0x00000007fc400000)
  from space 30720K, 62% used [0x00000007fc400000,0x00000007fd6a0000,0x00000007fe200000)
  to   space 30720K, 0% used [0x00000007fe200000,0x00000007fe200000,0x0000000800000000)
 ParOldGen       total 89088K, used 76654K [0x0000000784800000, 0x0000000789f00000, 0x00000007d6d00000)
  object space 89088K, 86% used [0x0000000784800000,0x00000007892dbb08,0x0000000789f00000)
 PSPermGen       total 21504K, used 3278K [0x000000077a200000, 0x000000077b700000, 0x0000000784800000)
  object space 21504K, 15% used [0x000000077a200000,0x000000077a5339f0,0x000000077b700000)
}
Event: 576,951 GC heap before
{Heap before GC invocations=131 (full 1):
 PSYoungGen      total 644096K, used 632448K [0x00000007d6d00000, 0x0000000800000000, 0x0000000800000000)
  eden space 613376K, 100% used [0x00000007d6d00000,0x00000007fc400000,0x00000007fc400000)
  from space 30720K, 62% used [0x00000007fc400000,0x00000007fd6a0000,0x00000007fe200000)
  to   space 30720K, 0% used [0x00000007fe200000,0x00000007fe200000,0x0000000800000000)
 ParOldGen       total 89088K, used 76654K [0x0000000784800000, 0x0000000789f00000, 0x00000007d6d00000)
  object space 89088K, 86% used [0x0000000784800000,0x00000007892dbb08,0x0000000789f00000)
 PSPermGen       total 21504K, used 3278K [0x000000077a200000, 0x000000077b700000, 0x0000000784800000)
  object space 21504K, 15% used [0x000000077a200000,0x000000077a5339f0,0x000000077b700000)
Event: 579,576 GC heap after
Heap after GC invocations=131 (full 1):
 PSYoungGen      total 636928K, used 30720K [0x00000007d6d00000, 0x0000000800000000, 0x0000000800000000)
  eden space 606208K, 0% used [0x00000007d6d00000,0x00000007d6d00000,0x00000007fbd00000)
  from space 30720K, 100% used [0x00000007fe200000,0x0000000800000000,0x0000000800000000)
  to   space 34304K, 0% used [0x00000007fbd00000,0x00000007fbd00000,0x00000007fde80000)
 ParOldGen       total 89088K, used 81246K [0x0000000784800000, 0x0000000789f00000, 0x00000007d6d00000)
  object space 89088K, 91% used [0x0000000784800000,0x0000000789757b08,0x0000000789f00000)
 PSPermGen       total 21504K, used 3278K [0x000000077a200000, 0x000000077b700000, 0x0000000784800000)
  object space 21504K, 15% used [0x000000077a200000,0x000000077a5339f0,0x000000077b700000)
}
Event: 580,971 GC heap before
{Heap before GC invocations=132 (full 2):
 PSYoungGen      total 636928K, used 30720K [0x00000007d6d00000, 0x0000000800000000, 0x0000000800000000)
  eden space 606208K, 0% used [0x00000007d6d00000,0x00000007d6d00000,0x00000007fbd00000)
  from space 30720K, 100% used [0x00000007fe200000,0x0000000800000000,0x0000000800000000)
  to   space 34304K, 0% used [0x00000007fbd00000,0x00000007fbd00000,0x00000007fde80000)
 ParOldGen       total 89088K, used 81246K [0x0000000784800000, 0x0000000789f00000, 0x00000007d6d00000)
  object space 89088K, 91% used [0x0000000784800000,0x0000000789757b08,0x0000000789f00000)
 PSPermGen       total 21504K, used 3278K [0x000000077a200000, 0x000000077b700000, 0x0000000784800000)
  object space 21504K, 15% used [0x000000077a200000,0x000000077a5339f0,0x000000077b700000)

Deoptimization events (10 events):
Event: 8,210 Thread 0x00007f124c00a000 Uncommon trap: reason=array_check action=maybe_recompile pc=0x00007f1248fc3f24 method=java.util.TimSort.mergeHi(IIII)V @ 645
Event: 8,576 Thread 0x00007f124c00a000 Uncommon trap: reason=unstable_if action=reinterpret pc=0x00007f1248fcbe20 method=java.util.TimSort.mergeHi(IIII)V @ 120
Event: 13,317 Thread 0x00007f124c00a000 Uncommon trap: reason=unstable_if action=reinterpret pc=0x00007f1248fc90fc method=java.util.TimSort.mergeLo(IIII)V @ 101
Event: 15,412 Thread 0x00007f124c00a000 Uncommon trap: reason=array_check action=maybe_recompile pc=0x00007f1248fbe888 method=java.util.TimSort.mergeHi(IIII)V @ 512
Event: 20,195 Thread 0x00007f124c00a000 Uncommon trap: reason=array_check action=maybe_recompile pc=0x00007f1248fd1c24 method=java.util.TimSort.mergeLo(IIII)V @ 129
Event: 23,266 Thread 0x00007f124c00a000 Uncommon trap: reason=unstable_if action=reinterpret pc=0x00007f1248e75510 method=java.util.TimSort.countRunAndMakeAscending([Ljava/lang/Object;IILjava/util/Comparator;)I @ 27
Event: 23,266 Thread 0x00007f124c00a000 Uncommon trap: reason=array_check action=maybe_recompile pc=0x00007f1248fceddc method=java.util.TimSort.mergeHi(IIII)V @ 160
Event: 25,980 Thread 0x00007f124c00a000 Uncommon trap: reason=array_check action=maybe_recompile pc=0x00007f1248fceddc method=java.util.TimSort.mergeHi(IIII)V @ 160
Event: 59,700 Thread 0x00007f124c00a000 Uncommon trap: reason=array_check action=maybe_recompile pc=0x00007f1248fd1c24 method=java.util.TimSort.mergeLo(IIII)V @ 129
Event: 305,014 Thread 0x00007f124c00a000 Uncommon trap: reason=unstable_if action=reinterpret pc=0x00007f1248e572cc method=java.util.TimSort.mergeAt(I)V @ 268

Internal exceptions (10 events):
Event: 0,224 Thread 0x00007f124c00a000 Threw 0x00000007d6e70898 at /build/openjdk-7-zaTxYK/openjdk-7-7u91-2.6.3/build/openjdk/hotspot/src/share/vm/prims/jvm.cpp:1322
Event: 0,225 Thread 0x00007f124c00a000 Threw 0x00000007d6e73a18 at /build/openjdk-7-zaTxYK/openjdk-7-7u91-2.6.3/build/openjdk/hotspot/src/share/vm/prims/jvm.cpp:1322
Event: 0,225 Thread 0x00007f124c00a000 Threw 0x00000007d6e76650 at /build/openjdk-7-zaTxYK/openjdk-7-7u91-2.6.3/build/openjdk/hotspot/src/share/vm/prims/jvm.cpp:1322
Event: 0,232 Thread 0x00007f124c00a000 Threw 0x00000007d6e78f30 at /build/openjdk-7-zaTxYK/openjdk-7-7u91-2.6.3/build/openjdk/hotspot/src/share/vm/prims/jvm.cpp:1322
Event: 0,232 Thread 0x00007f124c00a000 Threw 0x00000007d6e7b880 at /build/openjdk-7-zaTxYK/openjdk-7-7u91-2.6.3/build/openjdk/hotspot/src/share/vm/prims/jvm.cpp:1322
Event: 0,233 Thread 0x00007f124c00a000 Threw 0x00000007d6e7e180 at /build/openjdk-7-zaTxYK/openjdk-7-7u91-2.6.3/build/openjdk/hotspot/src/share/vm/prims/jvm.cpp:1322
Event: 0,246 Thread 0x00007f124c00a000 Threw 0x00000007d6e80b88 at /build/openjdk-7-zaTxYK/openjdk-7-7u91-2.6.3/build/openjdk/hotspot/src/share/vm/prims/jvm.cpp:1322
Event: 0,247 Thread 0x00007f124c00a000 Threw 0x00000007d6e839e0 at /build/openjdk-7-zaTxYK/openjdk-7-7u91-2.6.3/build/openjdk/hotspot/src/share/vm/prims/jvm.cpp:1322
Event: 0,248 Thread 0x00007f124c00a000 Threw 0x00000007d6e873c8 at /build/openjdk-7-zaTxYK/openjdk-7-7u91-2.6.3/build/openjdk/hotspot/src/share/vm/prims/jvm.cpp:1322
Event: 0,522 Thread 0x00007f124c00a000 Threw 0x00000007d7d33760 at /build/openjdk-7-zaTxYK/openjdk-7-7u91-2.6.3/build/openjdk/hotspot/src/share/vm/prims/jvm.cpp:1322

Events (10 events):
Event: 530,590 Executing VM operation: ParallelGCFailedAllocation done
Event: 536,233 Executing VM operation: ParallelGCFailedAllocation
Event: 540,841 Executing VM operation: ParallelGCFailedAllocation done
Event: 547,721 Executing VM operation: ParallelGCFailedAllocation
Event: 551,592 Executing VM operation: ParallelGCFailedAllocation done
Event: 554,421 Executing VM operation: ParallelGCFailedAllocation
Event: 559,756 Executing VM operation: ParallelGCFailedAllocation done
Event: 566,430 Executing VM operation: ParallelGCFailedAllocation
Event: 569,786 Executing VM operation: ParallelGCFailedAllocation done
Event: 576,370 Executing VM operation: ParallelGCFailedAllocation


Dynamic libraries:
00400000-00401000 r-xp 00000000 08:03 7088133                            /usr/lib/jvm/java-7-openjdk-amd64/jre/bin/java
00600000-00601000 r--p 00000000 08:03 7088133                            /usr/lib/jvm/java-7-openjdk-amd64/jre/bin/java
00601000-00602000 rw-p 00001000 08:03 7088133                            /usr/lib/jvm/java-7-openjdk-amd64/jre/bin/java
0085a000-0087b000 rw-p 00000000 00:00 0                                  [heap]
77a200000-77b700000 rw-p 00000000 00:00 0 
77b700000-784800000 rw-p 00000000 00:00 0 
784800000-789f00000 rw-p 00000000 00:00 0 
78bf00000-7d6d00000 rw-p 00000000 00:00 0 
7d6d00000-800000000 rw-p 00000000 00:00 0 
7f1208000000-7f1208021000 rw-p 00000000 00:00 0 
7f1208021000-7f120c000000 ---p 00000000 00:00 0 
7f120c000000-7f120cc07000 rw-p 00000000 00:00 0 
7f120cc07000-7f1210000000 ---p 00000000 00:00 0 
7f1210000000-7f1210d98000 rw-p 00000000 00:00 0 
7f1210d98000-7f1214000000 ---p 00000000 00:00 0 
7f1214000000-7f1214021000 rw-p 00000000 00:00 0 
7f1214021000-7f1218000000 ---p 00000000 00:00 0 
7f1218000000-7f1218021000 rw-p 00000000 00:00 0 
7f1218021000-7f121c000000 ---p 00000000 00:00 0 
7f121c000000-7f121c021000 rw-p 00000000 00:00 0 
7f121c021000-7f1220000000 ---p 00000000 00:00 0 
7f1220000000-7f1220021000 rw-p 00000000 00:00 0 
7f1220021000-7f1224000000 ---p 00000000 00:00 0 
7f1227d10000-7f122c000000 rw-p 00000000 00:00 0 
7f122c000000-7f122c021000 rw-p 00000000 00:00 0 
7f122c021000-7f1230000000 ---p 00000000 00:00 0 
7f1234000000-7f1234021000 rw-p 00000000 00:00 0 
7f1234021000-7f1238000000 ---p 00000000 00:00 0 
7f1238000000-7f1238246000 rw-p 00000000 00:00 0 
7f1238246000-7f123c000000 ---p 00000000 00:00 0 
7f123c000000-7f123c021000 rw-p 00000000 00:00 0 
7f123c021000-7f1240000000 ---p 00000000 00:00 0 
7f1241b91000-7f1241b98000 r--s 00000000 08:03 6030212                    /usr/lib/x86_64-linux-gnu/gconv/gconv-modules.cache
7f1241b98000-7f1241bba000 r--p 00000000 08:03 7081434                    /usr/share/locale-langpack/pt_BR/LC_MESSAGES/libc.mo
7f1241bba000-7f1241bcb000 r--s 0016f000 08:03 8392958                    /home/bruno/NetBeansProjects/RubikCube/lib/jfreechart-1.0.19.jar
7f1241bcb000-7f1241bcc000 ---p 00000000 00:00 0 
7f1241bcc000-7f1241ccc000 rw-p 00000000 00:00 0                          [stack:3395]
7f1241ccc000-7f1241ccf000 ---p 00000000 00:00 0 
7f1241ccf000-7f1241dcd000 rw-p 00000000 00:00 0                          [stack:3394]
7f1241dcd000-7f1241dd0000 ---p 00000000 00:00 0 
7f1241dd0000-7f1241ece000 rw-p 00000000 00:00 0                          [stack:3393]
7f1241ece000-7f1241ed1000 ---p 00000000 00:00 0 
7f1241ed1000-7f1241fcf000 rw-p 00000000 00:00 0                          [stack:3392]
7f1241fcf000-7f1241fd2000 ---p 00000000 00:00 0 
7f1241fd2000-7f12420d0000 rw-p 00000000 00:00 0                          [stack:3391]
7f12420d0000-7f1242a9e000 r--p 00000000 08:03 5772043                    /usr/lib/locale/locale-archive
7f1242a9e000-7f1242aa1000 ---p 00000000 00:00 0 
7f1242aa1000-7f1242b9f000 rw-p 00000000 00:00 0                          [stack:3390]
7f1242b9f000-7f1242ba2000 ---p 00000000 00:00 0 
7f1242ba2000-7f1242ca0000 rw-p 00000000 00:00 0                          [stack:3389]
7f1242ca0000-7f1242ca1000 ---p 00000000 00:00 0 
7f1242ca1000-7f1243d7d000 rw-p 00000000 00:00 0                          [stack:3388]
7f1243d7d000-7f1243f2f000 r--s 01d2e000 08:03 6554580                    /usr/lib/jvm/java-7-openjdk-amd64/jre/lib/rt.jar
7f1243f2f000-7f1244000000 rw-p 00000000 00:00 0 
7f1244000000-7f1244021000 rw-p 00000000 00:00 0 
7f1244021000-7f1248000000 ---p 00000000 00:00 0 
7f1248002000-7f1248431000 rw-p 00000000 00:00 0 
7f1248431000-7f1248432000 ---p 00000000 00:00 0 
7f1248432000-7f1248532000 rw-p 00000000 00:00 0                          [stack:3387]
7f1248532000-7f1248533000 ---p 00000000 00:00 0 
7f1248533000-7f1248633000 rw-p 00000000 00:00 0                          [stack:3386]
7f1248633000-7f1248634000 ---p 00000000 00:00 0 
7f1248634000-7f1248760000 rw-p 00000000 00:00 0                          [stack:3385]
7f1248760000-7f12489c7000 rw-p 00000000 00:00 0 
7f12489c7000-7f12489d2000 rw-p 00000000 00:00 0 
7f12489d2000-7f1248a1a000 rw-p 00000000 00:00 0 
7f1248a1a000-7f1248a46000 rw-p 00000000 00:00 0 
7f1248a46000-7f1248cac000 rw-p 00000000 00:00 0 
7f1248cac000-7f1248df6000 rw-p 00000000 00:00 0 
7f1248df6000-7f1248df7000 rw-p 00000000 00:00 0 
7f1248df7000-7f1249067000 rwxp 00000000 00:00 0 
7f1249067000-7f124bdf7000 rw-p 00000000 00:00 0 
7f124bdf7000-7f124bdff000 r-xp 00000000 08:03 7088149                    /usr/lib/jvm/java-7-openjdk-amd64/jre/lib/amd64/libzip.so
7f124bdff000-7f124bffe000 ---p 00008000 08:03 7088149                    /usr/lib/jvm/java-7-openjdk-amd64/jre/lib/amd64/libzip.so
7f124bffe000-7f124bfff000 r--p 00007000 08:03 7088149                    /usr/lib/jvm/java-7-openjdk-amd64/jre/lib/amd64/libzip.so
7f124bfff000-7f124c000000 rw-p 00008000 08:03 7088149                    /usr/lib/jvm/java-7-openjdk-amd64/jre/lib/amd64/libzip.so
7f124c000000-7f124c141000 rw-p 00000000 00:00 0 
7f124c141000-7f1250000000 ---p 00000000 00:00 0 
7f1250003000-7f1250004000 rw-p 00000000 00:00 0 
7f1250004000-7f125000a000 r--s 0004b000 08:03 8392948                    /home/bruno/NetBeansProjects/RubikCube/lib/jcommon-1.0.23.jar
7f125000a000-7f125000c000 r--s 00006000 08:03 6040725                    /usr/share/java/java-atk-wrapper.jar
7f125000c000-7f1250010000 r--s 00085000 08:03 7088137                    /usr/lib/jvm/java-7-openjdk-amd64/jre/lib/ext/localedata.jar
7f1250010000-7f1250012000 r--s 00012000 08:03 7088136                    /usr/lib/jvm/java-7-openjdk-amd64/jre/lib/ext/zipfs.jar
7f1250012000-7f1250064000 rw-p 00000000 00:00 0 
7f1250064000-7f1250065000 ---p 00000000 00:00 0 
7f1250065000-7f1250170000 rw-p 00000000 00:00 0                          [stack:3384]
7f1250170000-7f12501b8000 rw-p 00000000 00:00 0 
7f12501b8000-7f12501c3000 r-xp 00000000 08:03 12849334                   /lib/x86_64-linux-gnu/libnss_files-2.19.so
7f12501c3000-7f12503c2000 ---p 0000b000 08:03 12849334                   /lib/x86_64-linux-gnu/libnss_files-2.19.so
7f12503c2000-7f12503c3000 r--p 0000a000 08:03 12849334                   /lib/x86_64-linux-gnu/libnss_files-2.19.so
7f12503c3000-7f12503c4000 rw-p 0000b000 08:03 12849334                   /lib/x86_64-linux-gnu/libnss_files-2.19.so
7f12503c4000-7f12503cf000 r-xp 00000000 08:03 12849344                   /lib/x86_64-linux-gnu/libnss_nis-2.19.so
7f12503cf000-7f12505ce000 ---p 0000b000 08:03 12849344                   /lib/x86_64-linux-gnu/libnss_nis-2.19.so
7f12505ce000-7f12505cf000 r--p 0000a000 08:03 12849344                   /lib/x86_64-linux-gnu/libnss_nis-2.19.so
7f12505cf000-7f12505d0000 rw-p 0000b000 08:03 12849344                   /lib/x86_64-linux-gnu/libnss_nis-2.19.so
7f12505d0000-7f12505e7000 r-xp 00000000 08:03 12849328                   /lib/x86_64-linux-gnu/libnsl-2.19.so
7f12505e7000-7f12507e6000 ---p 00017000 08:03 12849328                   /lib/x86_64-linux-gnu/libnsl-2.19.so
7f12507e6000-7f12507e7000 r--p 00016000 08:03 12849328                   /lib/x86_64-linux-gnu/libnsl-2.19.so
7f12507e7000-7f12507e8000 rw-p 00017000 08:03 12849328                   /lib/x86_64-linux-gnu/libnsl-2.19.so
7f12507e8000-7f12507ea000 rw-p 00000000 00:00 0 
7f12507ea000-7f12507f3000 r-xp 00000000 08:03 12849330                   /lib/x86_64-linux-gnu/libnss_compat-2.19.so
7f12507f3000-7f12509f2000 ---p 00009000 08:03 12849330                   /lib/x86_64-linux-gnu/libnss_compat-2.19.so
7f12509f2000-7f12509f3000 r--p 00008000 08:03 12849330                   /lib/x86_64-linux-gnu/libnss_compat-2.19.so
7f12509f3000-7f12509f4000 rw-p 00009000 08:03 12849330                   /lib/x86_64-linux-gnu/libnss_compat-2.19.so
7f12509f4000-7f1250a1f000 r-xp 00000000 08:03 7088157                    /usr/lib/jvm/java-7-openjdk-amd64/jre/lib/amd64/libjava.so
7f1250a1f000-7f1250c1f000 ---p 0002b000 08:03 7088157                    /usr/lib/jvm/java-7-openjdk-amd64/jre/lib/amd64/libjava.so
7f1250c1f000-7f1250c20000 r--p 0002b000 08:03 7088157                    /usr/lib/jvm/java-7-openjdk-amd64/jre/lib/amd64/libjava.so
7f1250c20000-7f1250c22000 rw-p 0002c000 08:03 7088157                    /usr/lib/jvm/java-7-openjdk-amd64/jre/lib/amd64/libjava.so
7f1250c22000-7f1250c32000 r-xp 00000000 08:03 7091472                    /usr/lib/jvm/java-7-openjdk-amd64/jre/lib/amd64/libverify.so
7f1250c32000-7f1250e31000 ---p 00010000 08:03 7091472                    /usr/lib/jvm/java-7-openjdk-amd64/jre/lib/amd64/libverify.so
7f1250e31000-7f1250e33000 r--p 0000f000 08:03 7091472                    /usr/lib/jvm/java-7-openjdk-amd64/jre/lib/amd64/libverify.so
7f1250e33000-7f1250e34000 rw-p 00011000 08:03 7091472                    /usr/lib/jvm/java-7-openjdk-amd64/jre/lib/amd64/libverify.so
7f1250e34000-7f1250e3b000 r-xp 00000000 08:03 12849387                   /lib/x86_64-linux-gnu/librt-2.19.so
7f1250e3b000-7f125103a000 ---p 00007000 08:03 12849387                   /lib/x86_64-linux-gnu/librt-2.19.so
7f125103a000-7f125103b000 r--p 00006000 08:03 12849387                   /lib/x86_64-linux-gnu/librt-2.19.so
7f125103b000-7f125103c000 rw-p 00007000 08:03 12849387                   /lib/x86_64-linux-gnu/librt-2.19.so
7f125103c000-7f1251052000 r-xp 00000000 08:03 12851522                   /lib/x86_64-linux-gnu/libgcc_s.so.1
7f1251052000-7f1251251000 ---p 00016000 08:03 12851522                   /lib/x86_64-linux-gnu/libgcc_s.so.1
7f1251251000-7f1251252000 rw-p 00015000 08:03 12851522                   /lib/x86_64-linux-gnu/libgcc_s.so.1
7f1251252000-7f1251357000 r-xp 00000000 08:03 12849309                   /lib/x86_64-linux-gnu/libm-2.19.so
7f1251357000-7f1251556000 ---p 00105000 08:03 12849309                   /lib/x86_64-linux-gnu/libm-2.19.so
7f1251556000-7f1251557000 r--p 00104000 08:03 12849309                   /lib/x86_64-linux-gnu/libm-2.19.so
7f1251557000-7f1251558000 rw-p 00105000 08:03 12849309                   /lib/x86_64-linux-gnu/libm-2.19.so
7f1251558000-7f125163e000 r-xp 00000000 08:03 5774502                    /usr/lib/x86_64-linux-gnu/libstdc++.so.6.0.19
7f125163e000-7f125183d000 ---p 000e6000 08:03 5774502                    /usr/lib/x86_64-linux-gnu/libstdc++.so.6.0.19
7f125183d000-7f1251845000 r--p 000e5000 08:03 5774502                    /usr/lib/x86_64-linux-gnu/libstdc++.so.6.0.19
7f1251845000-7f1251847000 rw-p 000ed000 08:03 5774502                    /usr/lib/x86_64-linux-gnu/libstdc++.so.6.0.19
7f1251847000-7f125185c000 rw-p 00000000 00:00 0 
7f125185c000-7f1252380000 r-xp 00000000 08:03 7091237                    /usr/lib/jvm/java-7-openjdk-amd64/jre/lib/amd64/server/libjvm.so
7f1252380000-7f1252580000 ---p 00b24000 08:03 7091237                    /usr/lib/jvm/java-7-openjdk-amd64/jre/lib/amd64/server/libjvm.so
7f1252580000-7f125261a000 r--p 00b24000 08:03 7091237                    /usr/lib/jvm/java-7-openjdk-amd64/jre/lib/amd64/server/libjvm.so
7f125261a000-7f125263d000 rw-p 00bbe000 08:03 7091237                    /usr/lib/jvm/java-7-openjdk-amd64/jre/lib/amd64/server/libjvm.so
7f125263d000-7f125266b000 rw-p 00000000 00:00 0 
7f125266b000-7f1252683000 r-xp 00000000 08:03 12849420                   /lib/x86_64-linux-gnu/libz.so.1.2.8
7f1252683000-7f1252882000 ---p 00018000 08:03 12849420                   /lib/x86_64-linux-gnu/libz.so.1.2.8
7f1252882000-7f1252883000 r--p 00017000 08:03 12849420                   /lib/x86_64-linux-gnu/libz.so.1.2.8
7f1252883000-7f1252884000 rw-p 00018000 08:03 12849420                   /lib/x86_64-linux-gnu/libz.so.1.2.8
7f1252884000-7f125289d000 r-xp 00000000 08:03 12849379                   /lib/x86_64-linux-gnu/libpthread-2.19.so
7f125289d000-7f1252a9c000 ---p 00019000 08:03 12849379                   /lib/x86_64-linux-gnu/libpthread-2.19.so
7f1252a9c000-7f1252a9d000 r--p 00018000 08:03 12849379                   /lib/x86_64-linux-gnu/libpthread-2.19.so
7f1252a9d000-7f1252a9e000 rw-p 00019000 08:03 12849379                   /lib/x86_64-linux-gnu/libpthread-2.19.so
7f1252a9e000-7f1252aa2000 rw-p 00000000 00:00 0 
7f1252aa2000-7f1252aa5000 r-xp 00000000 08:03 12849276                   /lib/x86_64-linux-gnu/libdl-2.19.so
7f1252aa5000-7f1252ca4000 ---p 00003000 08:03 12849276                   /lib/x86_64-linux-gnu/libdl-2.19.so
7f1252ca4000-7f1252ca5000 r--p 00002000 08:03 12849276                   /lib/x86_64-linux-gnu/libdl-2.19.so
7f1252ca5000-7f1252ca6000 rw-p 00003000 08:03 12849276                   /lib/x86_64-linux-gnu/libdl-2.19.so
7f1252ca6000-7f1252e61000 r-xp 00000000 08:03 12849259                   /lib/x86_64-linux-gnu/libc-2.19.so
7f1252e61000-7f1253060000 ---p 001bb000 08:03 12849259                   /lib/x86_64-linux-gnu/libc-2.19.so
7f1253060000-7f1253064000 r--p 001ba000 08:03 12849259                   /lib/x86_64-linux-gnu/libc-2.19.so
7f1253064000-7f1253066000 rw-p 001be000 08:03 12849259                   /lib/x86_64-linux-gnu/libc-2.19.so
7f1253066000-7f125306b000 rw-p 00000000 00:00 0 
7f125306b000-7f1253078000 r-xp 00000000 08:03 7091473                    /usr/lib/jvm/java-7-openjdk-amd64/jre/lib/amd64/jli/libjli.so
7f1253078000-7f1253277000 ---p 0000d000 08:03 7091473                    /usr/lib/jvm/java-7-openjdk-amd64/jre/lib/amd64/jli/libjli.so
7f1253277000-7f1253278000 r--p 0000c000 08:03 7091473                    /usr/lib/jvm/java-7-openjdk-amd64/jre/lib/amd64/jli/libjli.so
7f1253278000-7f1253279000 rw-p 0000d000 08:03 7091473                    /usr/lib/jvm/java-7-openjdk-amd64/jre/lib/amd64/jli/libjli.so
7f1253279000-7f125329c000 r-xp 00000000 08:03 12849235                   /lib/x86_64-linux-gnu/ld-2.19.so
7f125329c000-7f125329d000 r--s 00002000 08:03 7088141                    /usr/lib/jvm/java-7-openjdk-amd64/jre/lib/ext/dnsns.jar
7f125329d000-7f12532c8000 rw-p 00000000 00:00 0 
7f12532c8000-7f125337e000 rw-p 00000000 00:00 0 
7f125337e000-7f1253381000 ---p 00000000 00:00 0 
7f1253381000-7f1253484000 rw-p 00000000 00:00 0                          [stack:3383]
7f1253484000-7f1253488000 r--s 00034000 08:03 7088139                    /usr/lib/jvm/java-7-openjdk-amd64/jre/lib/ext/sunjce_provider.jar
7f1253488000-7f125348b000 r--s 0000f000 08:03 7088138                    /usr/lib/jvm/java-7-openjdk-amd64/jre/lib/ext/icedtea-sound.jar
7f125348b000-7f125348f000 r--s 0003c000 08:03 7088140                    /usr/lib/jvm/java-7-openjdk-amd64/jre/lib/ext/sunpkcs11.jar
7f125348f000-7f1253497000 rw-s 00000000 08:03 10354890                   /tmp/hsperfdata_bruno/3378
7f1253497000-7f1253498000 rw-p 00000000 00:00 0 
7f1253498000-7f1253499000 ---p 00000000 00:00 0 
7f1253499000-7f125349b000 rw-p 00000000 00:00 0 
7f125349b000-7f125349c000 r--p 00022000 08:03 12849235                   /lib/x86_64-linux-gnu/ld-2.19.so
7f125349c000-7f125349d000 rw-p 00023000 08:03 12849235                   /lib/x86_64-linux-gnu/ld-2.19.so
7f125349d000-7f125349e000 rw-p 00000000 00:00 0 
7fffc24c8000-7fffc24e9000 rw-p 00000000 00:00 0                          [stack]
7fffc2517000-7fffc2519000 r--p 00000000 00:00 0                          [vvar]
7fffc2519000-7fffc251b000 r-xp 00000000 00:00 0                          [vdso]
ffffffffff600000-ffffffffff601000 r-xp 00000000 00:00 0                  [vsyscall]

VM Arguments:
jvm_args: -Dfile.encoding=UTF-8 
java_command: tests.CrossoverMutationTests
Launcher Type: SUN_STANDARD

Environment Variables:
PATH=/usr/local/sbin:/usr/local/bin:/usr/sbin:/usr/bin:/sbin:/bin:/usr/games:/usr/local/games
LD_LIBRARY_PATH=/usr/lib/jvm/java-7-openjdk-amd64/jre/lib/amd64:/usr/lib/jvm/java-7-openjdk-amd64/jre/lib/i386:
SHELL=/bin/bash
DISPLAY=:0.0

Signal Handlers:
SIGSEGV: [libjvm.so+0x9548f0], sa_mask[0]=0x7ffbfeff, sa_flags=0x10000004
SIGBUS: [libjvm.so+0x9548f0], sa_mask[0]=0x7ffbfeff, sa_flags=0x10000004
SIGFPE: [libjvm.so+0x7cb0b0], sa_mask[0]=0x7ffbfeff, sa_flags=0x10000004
SIGPIPE: [libjvm.so+0x7cb0b0], sa_mask[0]=0x7ffbfeff, sa_flags=0x10000004
SIGXFSZ: [libjvm.so+0x7cb0b0], sa_mask[0]=0x7ffbfeff, sa_flags=0x10000004
SIGILL: [libjvm.so+0x7cb0b0], sa_mask[0]=0x7ffbfeff, sa_flags=0x10000004
SIGUSR1: SIG_DFL, sa_mask[0]=0x00000000, sa_flags=0x00000000
SIGUSR2: [libjvm.so+0x7caf50], sa_mask[0]=0x00000004, sa_flags=0x10000004
SIGHUP: [libjvm.so+0x7cb130], sa_mask[0]=0x7ffbfeff, sa_flags=0x10000004
SIGINT: SIG_IGN, sa_mask[0]=0x00000000, sa_flags=0x00000000
SIGTERM: [libjvm.so+0x7cb130], sa_mask[0]=0x7ffbfeff, sa_flags=0x10000004
SIGQUIT: [libjvm.so+0x7cb130], sa_mask[0]=0x7ffbfeff, sa_flags=0x10000004
SIGTRAP: SIG_DFL, sa_mask[0]=0x00000000, sa_flags=0x00000000


---------------  S Y S T E M  ---------------

OS:Ubuntu 14.04 (trusty)
uname:Linux 3.19.0-43-generic #49~14.04.1-Ubuntu SMP Thu Dec 31 15:44:49 UTC 2015 x86_64
libc:glibc 2.19 NPTL 2.19 
rlimit: STACK 8192k, CORE 0k, NPROC 31531, NOFILE 4096, AS infinity
load average:62,45 40,02 20,04

/proc/meminfo:
MemTotal:        8093548 kB
MemFree:          175952 kB
MemAvailable:     139852 kB
Buffers:            1856 kB
Cached:           151052 kB
SwapCached:         4076 kB
Active:          6802956 kB
Inactive:         924904 kB
Active(anon):    6788356 kB
Inactive(anon):   871636 kB
Active(file):      14600 kB
Inactive(file):    53268 kB
Unevictable:         108 kB
Mlocked:             108 kB
SwapTotal:       1048572 kB
SwapFree:          11688 kB
Dirty:               208 kB
Writeback:             0 kB
AnonPages:       7571360 kB
Mapped:            50608 kB
Shmem:             84948 kB
Slab:              62572 kB
SReclaimable:      28852 kB
SUnreclaim:        33720 kB
KernelStack:       12560 kB
PageTables:        61304 kB
NFS_Unstable:          0 kB
Bounce:                0 kB
WritebackTmp:          0 kB
CommitLimit:     5095344 kB
Committed_AS:   14440440 kB
VmallocTotal:   34359738367 kB
VmallocUsed:      559208 kB
VmallocChunk:   34359168988 kB
HardwareCorrupted:     0 kB
AnonHugePages:   5670912 kB
CmaTotal:              0 kB
CmaFree:               0 kB
HugePages_Total:       0
HugePages_Free:        0
HugePages_Rsvd:        0
HugePages_Surp:        0
Hugepagesize:       2048 kB
DirectMap4k:      139200 kB
DirectMap2M:     5021696 kB
DirectMap1G:     4194304 kB


CPU:total 4 (2 cores per cpu, 2 threads per core) family 6 model 61 stepping 4, cmov, cx8, fxsr, mmx, sse, sse2, sse3, ssse3, sse4.1, sse4.2, popcnt, avx, avx2, aes, erms, ht, tsc, tscinvbit

/proc/cpuinfo:
processor	: 0
vendor_id	: GenuineIntel
cpu family	: 6
model		: 61
model name	: Intel(R) Core(TM) i7-5500U CPU @ 2.40GHz
stepping	: 4
microcode	: 0x1f
cpu MHz		: 2899.968
cache size	: 4096 KB
physical id	: 0
siblings	: 4
core id		: 0
cpu cores	: 2
apicid		: 0
initial apicid	: 0
fpu		: yes
fpu_exception	: yes
cpuid level	: 20
wp		: yes
flags		: fpu vme de pse tsc msr pae mce cx8 apic sep mtrr pge mca cmov pat pse36 clflush dts acpi mmx fxsr sse sse2 ss ht tm pbe syscall nx pdpe1gb rdtscp lm constant_tsc arch_perfmon pebs bts rep_good nopl xtopology nonstop_tsc aperfmperf eagerfpu pni pclmulqdq dtes64 monitor ds_cpl vmx est tm2 ssse3 fma cx16 xtpr pdcm pcid sse4_1 sse4_2 x2apic movbe popcnt tsc_deadline_timer aes xsave avx f16c rdrand lahf_lm abm 3dnowprefetch ida arat epb pln pts dtherm tpr_shadow vnmi flexpriority ept vpid fsgsbase tsc_adjust bmi1 avx2 smep bmi2 erms invpcid rdseed adx smap xsaveopt
bugs		:
bogomips	: 4788.86
clflush size	: 64
cache_alignment	: 64
address sizes	: 39 bits physical, 48 bits virtual
power management:

processor	: 1
vendor_id	: GenuineIntel
cpu family	: 6
model		: 61
model name	: Intel(R) Core(TM) i7-5500U CPU @ 2.40GHz
stepping	: 4
microcode	: 0x1f
cpu MHz		: 2899.968
cache size	: 4096 KB
physical id	: 0
siblings	: 4
core id		: 1
cpu cores	: 2
apicid		: 2
initial apicid	: 2
fpu		: yes
fpu_exception	: yes
cpuid level	: 20
wp		: yes
flags		: fpu vme de pse tsc msr pae mce cx8 apic sep mtrr pge mca cmov pat pse36 clflush dts acpi mmx fxsr sse sse2 ss ht tm pbe syscall nx pdpe1gb rdtscp lm constant_tsc arch_perfmon pebs bts rep_good nopl xtopology nonstop_tsc aperfmperf eagerfpu pni pclmulqdq dtes64 monitor ds_cpl vmx est tm2 ssse3 fma cx16 xtpr pdcm pcid sse4_1 sse4_2 x2apic movbe popcnt tsc_deadline_timer aes xsave avx f16c rdrand lahf_lm abm 3dnowprefetch ida arat epb pln pts dtherm tpr_shadow vnmi flexpriority ept vpid fsgsbase tsc_adjust bmi1 avx2 smep bmi2 erms invpcid rdseed adx smap xsaveopt
bugs		:
bogomips	: 4788.86
clflush size	: 64
cache_alignment	: 64
address sizes	: 39 bits physical, 48 bits virtual
power management:

processor	: 2
vendor_id	: GenuineIntel
cpu family	: 6
model		: 61
model name	: Intel(R) Core(TM) i7-5500U CPU @ 2.40GHz
stepping	: 4
microcode	: 0x1f
cpu MHz		: 2899.968
cache size	: 4096 KB
physical id	: 0
siblings	: 4
core id		: 0
cpu cores	: 2
apicid		: 1
initial apicid	: 1
fpu		: yes
fpu_exception	: yes
cpuid level	: 20
wp		: yes
flags		: fpu vme de pse tsc msr pae mce cx8 apic sep mtrr pge mca cmov pat pse36 clflush dts acpi mmx fxsr sse sse2 ss ht tm pbe syscall nx pdpe1gb rdtscp lm constant_tsc arch_perfmon pebs bts rep_good nopl xtopology nonstop_tsc aperfmperf eagerfpu pni pclmulqdq dtes64 monitor ds_cpl vmx est tm2 ssse3 fma cx16 xtpr pdcm pcid sse4_1 sse4_2 x2apic movbe popcnt tsc_deadline_timer aes xsave avx f16c rdrand lahf_lm abm 3dnowprefetch ida arat epb pln pts dtherm tpr_shadow vnmi flexpriority ept vpid fsgsbase tsc_adjust bmi1 avx2 smep bmi2 erms invpcid rdseed adx smap xsaveopt
bugs		:
bogomips	: 4788.86
clflush size	: 64
cache_alignment	: 64
address sizes	: 39 bits physical, 48 bits virtual
power management:

processor	: 3
vendor_id	: GenuineIntel
cpu family	: 6
model		: 61
model name	: Intel(R) Core(TM) i7-5500U CPU @ 2.40GHz
stepping	: 4
microcode	: 0x1f
cpu MHz		: 2899.968
cache size	: 4096 KB
physical id	: 0
siblings	: 4
core id		: 1
cpu cores	: 2
apicid		: 3
initial apicid	: 3
fpu		: yes
fpu_exception	: yes
cpuid level	: 20
wp		: yes
flags		: fpu vme de pse tsc msr pae mce cx8 apic sep mtrr pge mca cmov pat pse36 clflush dts acpi mmx fxsr sse sse2 ss ht tm pbe syscall nx pdpe1gb rdtscp lm constant_tsc arch_perfmon pebs bts rep_good nopl xtopology nonstop_tsc aperfmperf eagerfpu pni pclmulqdq dtes64 monitor ds_cpl vmx est tm2 ssse3 fma cx16 xtpr pdcm pcid sse4_1 sse4_2 x2apic movbe popcnt tsc_deadline_timer aes xsave avx f16c rdrand lahf_lm abm 3dnowprefetch ida arat epb pln pts dtherm tpr_shadow vnmi flexpriority ept vpid fsgsbase tsc_adjust bmi1 avx2 smep bmi2 erms invpcid rdseed adx smap xsaveopt
bugs		:
bogomips	: 4788.86
clflush size	: 64
cache_alignment	: 64
address sizes	: 39 bits physical, 48 bits virtual
power management:



Memory: 4k page, physical 8093548k(175952k free), swap 1048572k(11688k free)

vm_info: OpenJDK 64-Bit Server VM (24.91-b01) for linux-amd64 JRE (1.7.0_91-b02), built on Nov 19 2015 06:14:37 by "buildd" with gcc 4.8.2

time: Mon Sep 12 23:31:31 2016
elapsed time: 799 seconds

